<?xml version="1.0" encoding="UTF-8"?>
<!-- Generated by org.testng.reporters.JUnitReportReporter -->
<testsuite skipped="0" hostname="9fb6700b3f79" name="com.searchmodule.tests.SearchTest" tests="4" failures="0" timestamp="2020-05-21T14:03:54 GMT" time="32.693" errors="0">
  <testcase name="search" time="8.510" classname="com.searchmodule.tests.SearchTest"/>
  <testcase name="search" time="9.130" classname="com.searchmodule.tests.SearchTest"/>
  <testcase name="search" time="7.115" classname="com.searchmodule.tests.SearchTest"/>
  <testcase name="search" time="7.938" classname="com.searchmodule.tests.SearchTest"/>
</testsuite> <!-- com.searchmodule.tests.SearchTest -->
