<?xml version="1.0" encoding="UTF-8"?>
<!-- Generated by org.testng.reporters.JUnitReportReporter -->
<testsuite skipped="0" hostname="589d23ab4125" name="com.searchmodule.tests.SearchTest" tests="4" failures="0" timestamp="2020-05-21T14:04:04 GMT" time="33.632" errors="0">
  <testcase name="search" time="9.172" classname="com.searchmodule.tests.SearchTest"/>
  <testcase name="search" time="7.852" classname="com.searchmodule.tests.SearchTest"/>
  <testcase name="search" time="7.275" classname="com.searchmodule.tests.SearchTest"/>
  <testcase name="search" time="9.333" classname="com.searchmodule.tests.SearchTest"/>
</testsuite> <!-- com.searchmodule.tests.SearchTest -->
